<?xml version="1.0" encoding="UTF-8"?>
<testsuite name="Cointest" tests="2" skipped="0" failures="0" errors="0" timestamp="2022-11-24T15:13:32" hostname="LAPTOP-RM9MUP23" time="0.048">
  <properties/>
  <testcase name="Coin_SetPosition()" classname="Cointest" time="0.046"/>
  <testcase name="Coin_GetPosition()" classname="Cointest" time="0.001"/>
  <system-out><![CDATA[]]></system-out>
  <system-err><![CDATA[]]></system-err>
</testsuite>
