<?xml version="1.0" encoding="UTF-8"?>
<testsuite name="Tester" tests="1" skipped="0" failures="0" errors="0" timestamp="2022-11-20T23:54:03" hostname="bernardeux" time="0.013">
  <properties/>
  <testcase name="move()" classname="Tester" time="0.013"/>
  <system-out><![CDATA[]]></system-out>
  <system-err><![CDATA[]]></system-err>
</testsuite>
