<?xml version="1.0" encoding="UTF-8"?>
<testsuite name="Walltest" tests="2" skipped="0" failures="0" errors="0" timestamp="2022-11-24T15:13:34" hostname="LAPTOP-RM9MUP23" time="0.003">
  <properties/>
  <testcase name="Wall_GetPosition()" classname="Walltest" time="0.002"/>
  <testcase name="Wall_SetPosition()" classname="Walltest" time="0.001"/>
  <system-out><![CDATA[]]></system-out>
  <system-err><![CDATA[]]></system-err>
</testsuite>
