<?xml version="1.0" encoding="UTF-8"?>
<testsuite name="MonsterTest" tests="3" skipped="0" failures="0" errors="0" timestamp="2022-11-24T15:13:34" hostname="LAPTOP-RM9MUP23" time="0.005">
  <properties/>
  <testcase name="moveTest()" classname="MonsterTest" time="0.003"/>
  <testcase name="Monster_SetPosition()" classname="MonsterTest" time="0.0"/>
  <testcase name="Monster_GetPosition()" classname="MonsterTest" time="0.0"/>
  <system-out><![CDATA[]]></system-out>
  <system-err><![CDATA[]]></system-err>
</testsuite>
