<?xml version="1.0" encoding="UTF-8"?>
<testsuite name="PackmanTest" tests="4" skipped="0" failures="0" errors="0" timestamp="2022-11-23T08:57:29" hostname="bernardeux" time="0.016">
  <properties/>
  <testcase name="moveTest()" classname="PackmanTest" time="0.005"/>
  <testcase name="testEnemyDrawForegroundColor()" classname="PackmanTest" time="0.005"/>
  <testcase name="Pacman_SetPosition()" classname="PackmanTest" time="0.004"/>
  <testcase name="Pacman_GetPosition()" classname="PackmanTest" time="0.001"/>
  <system-out><![CDATA[]]></system-out>
  <system-err><![CDATA[]]></system-err>
</testsuite>
