<?xml version="1.0" encoding="UTF-8"?>
<testsuite name="GameTest" tests="1" skipped="0" failures="0" errors="0" timestamp="2022-11-23T08:57:28" hostname="bernardeux" time="0.602">
  <properties/>
  <testcase name="gameTest()" classname="GameTest" time="0.602"/>
  <system-out><![CDATA[]]></system-out>
  <system-err><![CDATA[]]></system-err>
</testsuite>
