<?xml version="1.0" encoding="UTF-8"?>
<testsuite name="PositionTest" tests="2" skipped="0" failures="0" errors="0" timestamp="2022-11-21T02:36:55" hostname="LAPTOP-RM9MUP23" time="0.004">
  <properties/>
  <testcase name="Position_setXTest()" classname="PositionTest" time="0.001"/>
  <testcase name="Position_setYTest()" classname="PositionTest" time="0.002"/>
  <system-out><![CDATA[]]></system-out>
  <system-err><![CDATA[]]></system-err>
</testsuite>
