<?xml version="1.0" encoding="UTF-8"?>
<testsuite name="GameTest" tests="1" skipped="0" failures="0" errors="0" timestamp="2022-11-21T02:36:52" hostname="LAPTOP-RM9MUP23" time="3.34">
  <properties/>
  <testcase name="gameTest()" classname="GameTest" time="3.34"/>
  <system-out><![CDATA[]]></system-out>
  <system-err><![CDATA[]]></system-err>
</testsuite>
