<?xml version="1.0" encoding="UTF-8"?>
<testsuite name="SuperCoinTest" tests="2" skipped="0" failures="0" errors="0" timestamp="2022-11-24T15:13:34" hostname="LAPTOP-RM9MUP23" time="0.002">
  <properties/>
  <testcase name="SuperCoin_SetPosition()" classname="SuperCoinTest" time="0.002"/>
  <testcase name="SuperCoin_GetPosition()" classname="SuperCoinTest" time="0.0"/>
  <system-out><![CDATA[]]></system-out>
  <system-err><![CDATA[]]></system-err>
</testsuite>
